<?xml version="1.0" encoding="UTF-8"?>
<testng-results skipped="0" failed="0" ignored="0" total="2" passed="2">
  <reporter-output>
    <line>
      <![CDATA[Accepted Value:3734 is equal to Expected Value:3734 --> Pass]]>
    </line>
    <line>
      <![CDATA[Accepted Value:3734 is not equal to Expected Value:3487 --> Fail]]>
    </line>
    <line>
      <![CDATA[Accepted Value:3734 is not equal to Expected Value:5894 --> Fail]]>
    </line>
    <line>
      <![CDATA[Accepted Value:3734 is not equal to Expected Value:4590 --> Fail]]>
    </line>
    <line>
      <![CDATA[Accepted Value:3734 is not equal to Expected Value:69 --> Fail]]>
    </line>
    <line>
      <![CDATA[Accepted Value:3734 is not equal to Expected Value:60 --> Fail]]>
    </line>
    <line>
      <![CDATA[Accepted Value:3734 is not equal to Expected Value:6565 --> Fail]]>
    </line>
    <line>
      <![CDATA[Accepted Value:3734 is not equal to Expected Value:4854 --> Fail]]>
    </line>
    <line>
      <![CDATA[Accepted Value:3734 is not equal to Expected Value:684 --> Fail]]>
    </line>
  </reporter-output>
  <suite name="Suite" duration-ms="127142" started-at="2018-01-18T08:09:11Z" finished-at="2018-01-18T08:11:18Z">
    <groups>
    </groups>
    <test name="Test" duration-ms="127142" started-at="2018-01-18T08:09:11Z" finished-at="2018-01-18T08:11:18Z">
      <class name="project.MainModule.MainModule">
        <test-method status="PASS" signature="preTest()[pri:0, instance:project.MainModule.MainModule@34cd072c]" name="preTest" is-config="true" duration-ms="4102" started-at="2018-01-18T13:39:11Z" finished-at="2018-01-18T13:39:15Z">
          <reporter-output>
          </reporter-output>
        </test-method> <!-- preTest -->
        <test-method status="PASS" signature="ReadandWrite()[pri:0, instance:project.MainModule.MainModule@34cd072c]" name="ReadandWrite" duration-ms="122576" started-at="2018-01-18T13:39:15Z" finished-at="2018-01-18T13:41:18Z">
          <reporter-output>
          </reporter-output>
        </test-method> <!-- ReadandWrite -->
        <test-method status="PASS" signature="ValidationResults()[pri:1, instance:project.MainModule.MainModule@34cd072c]" name="ValidationResults" duration-ms="272" started-at="2018-01-18T13:41:18Z" finished-at="2018-01-18T13:41:18Z">
          <reporter-output>
            <line>
              <![CDATA[Accepted Value:3734 is equal to Expected Value:3734 --> Pass]]>
            </line>
            <line>
              <![CDATA[Accepted Value:3734 is not equal to Expected Value:3487 --> Fail]]>
            </line>
            <line>
              <![CDATA[Accepted Value:3734 is not equal to Expected Value:5894 --> Fail]]>
            </line>
            <line>
              <![CDATA[Accepted Value:3734 is not equal to Expected Value:4590 --> Fail]]>
            </line>
            <line>
              <![CDATA[Accepted Value:3734 is not equal to Expected Value:69 --> Fail]]>
            </line>
            <line>
              <![CDATA[Accepted Value:3734 is not equal to Expected Value:60 --> Fail]]>
            </line>
            <line>
              <![CDATA[Accepted Value:3734 is not equal to Expected Value:6565 --> Fail]]>
            </line>
            <line>
              <![CDATA[Accepted Value:3734 is not equal to Expected Value:4854 --> Fail]]>
            </line>
            <line>
              <![CDATA[Accepted Value:3734 is not equal to Expected Value:684 --> Fail]]>
            </line>
          </reporter-output>
        </test-method> <!-- ValidationResults -->
        <test-method status="PASS" signature="postTest()[pri:0, instance:project.MainModule.MainModule@34cd072c]" name="postTest" is-config="true" duration-ms="169" started-at="2018-01-18T13:41:18Z" finished-at="2018-01-18T13:41:18Z">
          <reporter-output>
          </reporter-output>
        </test-method> <!-- postTest -->
      </class> <!-- project.MainModule.MainModule -->
    </test> <!-- Test -->
  </suite> <!-- Suite -->
</testng-results>
